1.978029740999773, 4941
13.8698065640001, 4940
21.304493211999215, 4939
27.917209334998915, 4938
34.20162566499857, 4937
40.50838977300009, 4936
46.77838995899947, 4935
52.87459280300027, 4934
58.69981441299933, 4933
64.91108880299907, 4932
70.90929917099857, 4931
76.91236237699923, 4930
82.78540780599906, 4929
88.93252072900032, 4928
100.96219469599964, 4927
107.10671774899856, 4926
113.23327274300027, 4925
119.34111888400002, 4924
125.6039654469987, 4923
131.62925036199886, 4922
137.95503450599972, 4921
143.99156096499974, 4920
150.32484422499874, 4919
162.54657990499982, 4918
168.649974811, 4917
174.65518550199886, 4916
180.80686137199882, 4915
187.07808730099896, 4914
199.690089669999, 4913
205.58285548299864, 4912
211.74746901899925, 4911
217.60106629399888, 4910
223.21825080499912, 4909
229.01897271099915, 4908
240.21949589399992, 4907
245.82160356799977, 4906
251.57251536900003, 4905
257.30850649700005, 4904
262.99239734599905, 4903
274.38318299799903, 4902
280.1717283629987, 4901
286.14316164799857, 4900
291.7953624359998, 4899
303.56891914900007, 4898
309.2554184519995, 4897
315.1081853649994, 4896
320.7469617499992, 4895
332.20519583699934, 4894
337.9495781309997, 4893
349.50469829899885, 4892
355.22247926099953, 4891
360.90563516699876, 4890
372.62288991899914, 4889
384.2835415009995, 4888
389.9972086079997, 4887
395.6703708469995, 4886
401.2598107169997, 4885
406.8510906859992, 4884
418.11299234000035, 4883
423.55923851700027, 4882
434.88820068199857, 4881
440.64448923099917, 4880
446.18836652499886, 4879
451.76899213899924, 4878
457.35334898699875, 4877
474.5986347629987, 4876
480.2388480589998, 4875
491.27717545700034, 4874
502.5098644310001, 4873
508.201486811, 4872
519.6328598829987, 4871
531.082943768999, 4870
536.8499944019986, 4869
542.5934926310001, 4868
553.9716863529993, 4867
559.7622835349994, 4866
565.7968527609992, 4865
577.1607995519989, 4864
582.9177935070002, 4863
588.5435920829987, 4862
