0.0870890570076881, 4941
0.32070918500539847, 4940
0.5578188020008383, 4939
0.8079436520056333, 4938
1.3075252490089042, 4937
1.5119013110088417, 4936
2.0040278380038217, 4935
2.22709712300275, 4934
2.6874198840087047, 4933
2.9255009309999878, 4932
3.1883301320049213, 4931
3.449320780011476, 4930
3.6871931589994347, 4929
4.182448407998891, 4928
4.427523399004713, 4927
5.1963444980065105, 4926
5.451418441007263, 4925
5.718356457000482, 4924
5.978302714007441, 4923
6.21538304000569, 4922
6.949338894002722, 4921
7.1792139949975535, 4920
7.6583436710061505, 4919
7.897432055004174, 4918
8.125652289003483, 4917
8.638034272997174, 4916
8.871382220997475, 4915
9.096905878002872, 4914
9.340114518010523, 4913
9.83917179099808, 4912
10.09051303700835, 4911
10.300229102998856, 4910
10.525006431998918, 4909
11.315309035009705, 4908
11.571512126000016, 4907
12.031442421997781, 4906
12.265379465010483, 4905
12.507310134998988, 4904
12.716181759999017, 4903
13.176374654998654, 4902
13.42608199401002, 4901
13.672070708009414, 4900
14.394976217998192, 4899
14.66453914300655, 4898
14.891636968008243, 4897
15.319539724005153, 4896
15.553897835008684, 4895
15.763834657002008, 4894
16.455752925001434, 4893
16.709270974009996, 4892
17.174455854998087, 4891
17.383200164011214, 4890
18.075041324002086, 4889
18.31106869300129, 4888
18.785126337999827, 4887
19.051130196006852, 4886
19.542881514003966, 4885
19.81524194800295, 4884
20.23343193900655, 4883
20.730541646000347, 4882
21.22396582100191, 4881
21.442127175003407, 4880
21.911891231007758, 4879
22.338089561002562, 4878
22.8167286060052, 4877
23.06572239100933, 4876
23.304185608998523, 4875
23.52616951899836, 4874
24.006985655010794, 4873
24.217149026007974, 4872
24.481443392010988, 4871
25.184307832998456, 4870
25.724463420003303, 4869
25.96713208500296, 4868
26.621115743997507, 4867
26.85173811200366, 4866
27.094780117011396, 4865
27.554020228009904, 4864
27.760968881004374, 4863
28.214600808001705, 4862
28.906308143006754, 4861
29.11321314200177, 4860
29.361758555009146, 4859
29.829766406008275, 4858
30.354956037001102, 4857
30.82679181700223, 4856
31.02769858200918, 4855
31.747317262008437, 4854
31.96011439000722, 4853
32.46157719301118, 4852
32.70872378601052, 4851
33.18375134600501, 4850
33.685871948997374, 4849
33.91837918300007, 4848
34.13554522200138, 4847
34.7889555060101, 4846
35.25957381600165, 4845
35.50348388501152, 4844
35.90981144300895, 4843
36.39503988200158, 4842
36.89770596299786, 4841
37.132129103003535, 4840
37.387315143001615, 4839
37.82800801000849, 4838
38.035310520004714, 4837
38.23311584899784, 4836
38.67984210800205, 4835
38.90362063200155, 4834
39.15228552100598, 4833
39.589443372999085, 4832
40.07316131000698, 4831
40.535344775009435, 4830
40.750866558999405, 4829
41.235038136001094, 4828
41.47681863499747, 4827
42.1788475689973, 4826
42.65099810900574, 4825
42.89430667200941, 4824
43.33298455399927, 4823
43.56452540100145, 4822
43.78737664601067, 4821
44.00685814701137, 4820
44.67256061200169, 4819
45.142491625010734, 4818
45.63375929000904, 4817
45.89591957700031, 4816
46.373393481000676, 4815
46.57294583400653, 4814
47.04061922500841, 4813
47.271934222007985, 4812
47.6974003760115, 4811
48.13554823600862, 4810
48.58528517700324, 4809
49.06659460499941, 4808
49.59454637300223, 4807
49.81609385900083, 4806
50.05644886700611, 4805
50.87582459600526, 4804
51.30270541700884, 4803
51.7894004270056, 4802
51.993084297006135, 4801
52.195827764997375, 4800
52.40055996600131, 4799
52.6176493630046, 4798
53.45286360901082, 4797
53.86275437400036, 4796
54.30548304700642, 4795
54.529787032006425, 4794
55.200915000998066, 4793
55.45164136700623, 4792
56.16164171400305, 4791
56.366375704004895, 4790
56.794760197997675, 4789
57.244784107999294, 4788
57.457401990002836, 4787
58.09501560199715, 4786
58.580359462008346, 4785
59.31736505700974, 4784
59.57215098600136, 4783
59.79588388800039, 4782
60.506569775010576, 4781
60.723750823002774, 4780
61.421076188009465, 4779
61.66363855999953, 4778
62.114289935008856, 4777
62.576363009007764, 4776
62.79876624600729, 4775
63.03898198700335, 4774
63.733301120999386, 4773
64.38823348699952, 4772
64.83263377600815, 4771
65.05308080700343, 4770
65.45540438400349, 4769
65.68859933500062, 4768
66.13103632000275, 4767
66.3244376960065, 4766
67.00303993999842, 4765
67.2125077140081, 4764
67.69363410701044, 4763
68.10710841001128, 4762
68.3214948829991, 4761
68.53458557800332, 4760
69.26381933499943, 4759
69.50592056800087, 4758
69.94074243601062, 4757
70.1595930330077, 4756
70.59184461701079, 4755
71.04868290800368, 4754
71.53083732099913, 4753
71.75020731199766, 4752
72.4227441969997, 4751
72.89094159200613, 4750
73.12582909299817, 4749
73.30329979500675, 4748
73.54191739299858, 4747
74.46223325699975, 4746
74.70017067399749, 4745
75.11799337300181, 4744
75.5966687379987, 4743
75.8600981740019, 4742
76.75731177099806, 4741
76.9897933020111, 4740
77.62283776700497, 4739
77.86682109200046, 4738
78.31718314399768, 4737
78.78837174399814, 4736
79.23734530000365, 4735
79.68760701500287, 4734
79.91893498100399, 4733
80.38828439200006, 4732
80.83158803000697, 4731
81.02207033900777, 4730
82.19218314700993, 4729
82.59273210100946, 4728
83.52982680501009, 4727
83.73383131599985, 4726
84.59588232000533, 4725
84.7956698199996, 4724
85.26361587100837, 4723
85.49175631599792, 4722
85.93470011900354, 4721
86.62749047100078, 4720
86.86523335899983, 4719
87.55353596800705, 4718
87.7871442510077, 4717
88.19044047800708, 4716
88.41623872501077, 4715
88.63929896301124, 4714
89.28525211200758, 4713
89.52761915000156, 4712
89.74329631600995, 4711
90.3351637700107, 4710
90.77922773100727, 4709
91.24244569501025, 4708
91.72002761600015, 4707
92.60485664900625, 4706
92.8077943649987, 4705
93.44762411000556, 4704
93.67713101900881, 4703
94.10656403200119, 4702
94.76682281499961, 4701
94.98938266700134, 4700
95.46201783799916, 4699
95.6652523100056, 4698
96.29193101200508, 4697
96.92995154000528, 4696
97.16279234700778, 4695
97.56039956001041, 4694
98.03997411500313, 4693
98.25651274100528, 4692
98.65489080600673, 4691
99.05069241400633, 4690
99.48619248199975, 4689
99.90276060999895, 4688
100.12084906701057, 4687
100.78821590000007, 4686
101.01917122000305, 4685
101.46070554800099, 4684
101.92401778799831, 4683
102.38684862400987, 4682
103.26200001400139, 4681
103.48739266699704, 4680
103.69832286900782, 4679
104.18750428700878, 4678
104.37359794900112, 4677
105.03634852600226, 4676
105.47902355800034, 4675
105.69082416599849, 4674
105.91154467900924, 4673
106.37034062600287, 4672
107.05022157001076, 4671
107.50652427700697, 4670
107.73411549499724, 4669
108.1926234630082, 4668
108.44706755100924, 4667
108.8719165000075, 4666
109.34836284500489, 4665
109.80876523900952, 4664
110.28574592500809, 4663
110.53239452600246, 4662
110.97425920600654, 4661
111.19760587600467, 4660
111.44423661800101, 4659
112.16425285500009, 4658
112.57905150399893, 4657
112.79624146000424, 4656
113.22823845299718, 4655
113.68141532900336, 4654
114.32802488299785, 4653
114.5512851520034, 4652
114.76751593301015, 4651
114.98767875900376, 4650
115.17901182601054, 4649
116.03263581600913, 4648
116.25741941100569, 4647
116.5140316199977, 4646
116.97076045200811, 4645
117.4455142730003, 4644
117.63755764000234, 4643
118.05742946401006, 4642
118.49556662500254, 4641
118.96279419300845, 4640
119.40522586699808, 4639
119.8333771660109, 4638
120.04706732800696, 4637
120.46384011700866, 4636
121.0769616250036, 4635
121.51597250900522, 4634
121.71483800400165, 4633
122.12041472100827, 4632
122.34188026800985, 4631
122.78353992800112, 4630
123.39603947500291, 4629
123.59580885000469, 4628
124.24169572199753, 4627
124.46428150500287, 4626
124.69626122200862, 4625
125.29257545400469, 4624
125.46725540301122, 4623
126.1155651720037, 4622
126.50732782699924, 4621
126.72260816000926, 4620
127.16877869000018, 4619
128.02847243500582, 4618
128.22944700100925, 4617
128.6253551730042, 4616
128.8441709910112, 4615
129.07000347500434, 4614
129.51362853001046, 4613
129.68887023700518, 4612
130.1107218850084, 4611
130.77190174000862, 4610
131.00028032800765, 4609
131.6548778340075, 4608
131.90259476500796, 4607
132.61116628900345, 4606
133.01017591801065, 4605
133.65755358200113, 4604
134.09790846600663, 4603
134.496501600006, 4602
134.68937620600627, 4601
135.11759903001075, 4600
135.3489717850025, 4599
136.0187916750001, 4598
136.44954684800177, 4597
136.91447027900722, 4596
137.5517130040098, 4595
137.98679130100936, 4594
138.6604849580035, 4593
139.08804264799983, 4592
139.76279671900556, 4591
139.98185556400858, 4590
140.65004313401005, 4589
140.87335213000188, 4588
141.33699274100945, 4587
141.81157499300025, 4586
142.27537496300647, 4585
142.81678283499787, 4584
143.28034121800738, 4583
143.76001570800145, 4582
144.14736501401057, 4581
144.52161671000067, 4580
144.94685018200835, 4579
145.34251662700262, 4578
145.70652929400967, 4577
146.11756865300413, 4576
146.5665937020094, 4575
147.1415223750082, 4574
147.75776412100822, 4573
148.44232451100834, 4572
149.08570736501133, 4571
149.7926016900019, 4570
150.85668952400738, 4569
151.27588286100945, 4568
151.50196286200662, 4567
151.9515547159972, 4566
152.41453098900092, 4565
152.61548447801033, 4564
153.03491644001042, 4563
153.49144375500327, 4562
153.70952321500226, 4561
154.30665138400218, 4560
154.76514600300288, 4559
155.51972649400705, 4558
155.7087767940102, 4557
156.11673561600037, 4556
156.5333245130023, 4555
157.17668980101007, 4554
157.60933709300298, 4553
157.84640997300448, 4552
158.073860110002, 4551
158.30930336599704, 4550
158.99808576000214, 4549
159.67131098901154, 4548
160.08299115800764, 4547
160.46601866401033, 4546
160.87901485200564, 4545
161.5060238020087, 4544
161.71409202800714, 4543
162.49341949301015, 4542
162.95133499799704, 4541
163.3914270860114, 4540
163.60687493700243, 4539
164.05016823401093, 4538
164.2620656210056, 4537
164.72177779900085, 4536
165.1555398930068, 4535
165.766536043011, 4534
166.2002200200077, 4533
166.82692893099738, 4532
167.52237200000673, 4531
167.96882249500777, 4530
168.43708979300573, 4529
168.8710923949984, 4528
169.294703106003, 4527
169.76723884700914, 4526
170.18386624100094, 4525
170.4059961610037, 4524
170.79096167700482, 4523
171.22333892900497, 4522
171.95129419100704, 4521
172.17210946101113, 4520
172.86781752000388, 4519
173.06827993300976, 4518
173.48510496600647, 4517
173.73226001900912, 4516
174.17155301899766, 4515
174.8230870920088, 4514
175.03631279501133, 4513
175.25898602799862, 4512
175.45128386400756, 4511
176.14727321799728, 4510
176.3789984460018, 4509
176.84669132001, 4508
177.31072264901013, 4507
178.1545648129977, 4506
178.33372871800384, 4505
178.54953165800544, 4504
179.58138369800872, 4503
180.00774030901084, 4502
180.24519230000442, 4501
180.66862702601065, 4500
181.1118747349974, 4499
181.5227255570062, 4498
181.7182789540093, 4497
182.09669298400695, 4496
182.7443575280049, 4495
182.94595567599754, 4494
183.14204296800017, 4493
183.61911102601152, 4492
184.3137843000004, 4491
184.52170882601058, 4490
184.7580520650081, 4489
185.20079414200154, 4488
185.6773961620056, 4487
186.04404451900336, 4486
186.27600093500223, 4485
186.45366163400467, 4484
187.29487731700647, 4483
187.681523132007, 4482
188.11384085200552, 4481
188.75952530500945, 4480
188.97103206900647, 4479
189.8010689280054, 4478
190.21048124000663, 4477
190.63856815600593, 4476
191.46925377400476, 4475
191.66249758801132, 4474
192.06201032700483, 4473
192.50021561500034, 4472
192.706390567997, 4471
193.35087745499914, 4470
193.5552024540084, 4469
193.7338599030045, 4468
194.19105809400207, 4467
194.3788890709984, 4466
194.60794174400507, 4465
195.25170431900187, 4464
195.6490276100085, 4463
196.1074936119985, 4462
196.31225890500355, 4461
196.5372157350066, 4460
196.95163403300103, 4459
197.61923548800405, 4458
198.07287783001084, 4457
198.51938779299962, 4456
198.87932913600525, 4455
199.3008864880103, 4454
199.74703875101113, 4453
200.60941979500058, 4452
200.81595581500733, 4451
201.2823710960074, 4450
202.158274884001, 4449
202.84023301499838, 4448
203.22308230800263, 4447
203.4301787650038, 4446
204.06275012400874, 4445
204.50660435500322, 4444
204.9425288170023, 4443
205.8392429759988, 4442
206.48358954700234, 4441
206.95124135100923, 4440
207.17415776899725, 4439
207.79679047199897, 4438
208.19381829100894, 4437
208.6282320570026, 4436
209.0132844710024, 4435
209.46281617500063, 4434
209.91867263200402, 4433
210.1275729540066, 4432
210.36958450000384, 4431
210.77952702800394, 4430
210.99069050200342, 4429
211.61830517101043, 4428
212.02593084200635, 4427
212.40597337301006, 4426
213.0410280030046, 4425
213.44541181399836, 4424
213.82571765800822, 4423
214.41856645701046, 4422
215.1033066000091, 4421
215.32886299800884, 4420
216.35664727300173, 4419
216.58991799500654, 4418
216.8194026860001, 4417
217.02891868600273, 4416
217.87815659200714, 4415
218.284750086008, 4414
218.47783709599753, 4413
218.91541368700564, 4412
219.14205090599717, 4411
219.3763569730072, 4410
220.07063232800283, 4409
220.46557062699867, 4408
220.85830595900188, 4407
221.29250574400066, 4406
221.71540719800396, 4405
222.14728674200887, 4404
222.34390348099987, 4403
222.5402823070035, 4402
222.75343453401, 4401
223.18266573200526, 4400
223.64049788600823, 4399
223.87007668201113, 4398
224.690202126003, 4397
224.92097100299725, 4396
225.14541679700778, 4395
226.11759624900878, 4394
226.53889121999964, 4393
226.97174225001072, 4392
227.5900734790048, 4391
228.17980569000065, 4390
228.60511448400212, 4389
229.2301758810063, 4388
229.6341743790108, 4387
230.05621849599993, 4386
230.44049136601097, 4385
230.84434092399897, 4384
231.2812198449974, 4383
231.92238970800827, 4382
232.34302112700243, 4381
232.77981983299833, 4380
233.3954348469997, 4379
233.8152127820067, 4378
234.4648529640108, 4377
234.66688062201138, 4376
234.87990123000054, 4375
236.12450416800857, 4374
236.31534056599776, 4373
236.94124264799757, 4372
237.14889545700862, 4371
237.83762472801027, 4370
238.0167181959987, 4369
238.40616836700065, 4368
239.22486353100976, 4367
239.40886790500372, 4366
239.62174953200156, 4365
239.8480227490072, 4364
240.69043143199815, 4363
240.88978421100182, 4362
241.10594079300063, 4361
241.4820093520102, 4360
241.9405324350082, 4359
243.05572415600182, 4358
243.68061467900407, 4357
243.9097983840038, 4356
244.75372702500317, 4355
245.41573197901016, 4354
245.84243135999714, 4353
246.72718803300813, 4352
246.9446933230065, 4351
247.15323990100296, 4350
247.60024091800733, 4349
248.2133819580049, 4348
248.69171142000414, 4347
249.30819877699832, 4346
249.73781729199982, 4345
249.9122312140098, 4344
250.1236481530068, 4343
250.541581374011, 4342
250.96112733100017, 4341
251.34478393400786, 4340
251.956074480011, 4339
252.36325345400837, 4338
252.7644513980049, 4337
253.57616768800654, 4336
254.4433612510038, 4335
254.86243935499806, 4334
255.0989799920062, 4333
255.495340132009, 4332
255.95344411001133, 4331
256.41356545900635, 4330
257.03980738300015, 4329
257.6190692149976, 4328
258.04591444900143, 4327
258.42652159499994, 4326
259.04215494800883, 4325
259.4606595160003, 4324
259.89714710200496, 4323
260.45681696000975, 4322
260.6697863270092, 4321
261.5661450730113, 4320
261.75602044801053, 4319
262.38044952201017, 4318
262.6151715559972, 4317
263.38654570300423, 4316
263.77488948400423, 4315
264.64061250899977, 4314
265.07916820399987, 4313
265.7277869170066, 4312
266.96380253799725, 4311
267.34533075700165, 4310
268.2388815200102, 4309
268.6475428039994, 4308
268.84562011300295, 4307
269.2585997020069, 4306
269.67734195401135, 4305
270.0685699099995, 4304
270.43990082200617, 4303
270.83080765701015, 4302
271.05269837600645, 4301
271.49737671599723, 4300
272.1289627740043, 4299
272.30012787001033, 4298
272.9759132300096, 4297
273.35927050000464, 4296
273.9340440300002, 4295
274.13035795900214, 4294
274.8976605909993, 4293
275.1112330129981, 4292
275.70741613500286, 4291
275.89582195700496, 4290
276.28378850899753, 4289
276.6461167180096, 4288
276.9073915850022, 4287
277.3453784000012, 4286
278.1536836160085, 4285
278.7844242400024, 4284
279.63663030799944, 4283
280.2543630250002, 4282
280.8611656830035, 4281
281.2609597950068, 4280
281.4981205720105, 4279
282.14895850799803, 4278
283.20015539501037, 4277
283.66025122700376, 4276
284.4837282009976, 4275
284.91573872600566, 4274
285.07710316400335, 4273
285.67865687700396, 4272
286.3347330020042, 4271
286.5561967070098, 4270
287.0112948379974, 4269
287.8269112609996, 4268
288.2299475239997, 4267
288.6296432990057, 4266
289.2832926620031, 4265
289.50570861301094, 4264
290.1230325869983, 4263
290.3410397830012, 4262
290.9536158510018, 4261
291.18864712699724, 4260
291.3805178379989, 4259
291.9908525970095, 4258
292.4057124050014, 4257
293.00827135000145, 4256
293.19381524300843, 4255
293.82271977300115, 4253
294.8765748959995, 4252
295.3282246710005, 4251
295.9556200369989, 4250
296.159500491005, 4249
296.99123453300854, 4248
297.61758494901005, 4247
298.01655271400523, 4246
298.6695897150057, 4245
299.0610010490054, 4244
299.4746197140048, 4243
299.62929077100125, 4242
300.23260763099825, 4241
301.0585302170075, 4240
301.4498560339998, 4239
302.09737854301056, 4238
302.29054128999996, 4237
302.47479746300087, 4236
303.49874492200615, 4235
304.38211699199746, 4234
304.597481172008, 4233
304.7669082000066, 4232
305.15499574301066, 4231
305.55374319900875, 4230
305.9322463670105, 4229
306.35257114100386, 4228
306.9791797299986, 4227
307.5711311680061, 4226
308.00079283700325, 4225
308.70113585299987, 4224
308.8847254420107, 4223
309.45194904699747, 4222
309.8364623860107, 4221
310.0119539400039, 4220
310.8139404370013, 4219
311.03667868200864, 4218
311.44628831800947, 4217
312.2415027960087, 4216
312.4715960879985, 4215
313.08661903601023, 4214
313.3178972790047, 4213
313.977539487998, 4212
314.40449228500074, 4211
314.7781361600064, 4210
315.1916682029987, 4209
315.64383689399983, 4208
316.23334494901064, 4207
316.68020173000696, 4206
317.2915770420077, 4205
317.7320831340039, 4204
318.54190138301055, 4203
318.9480338220019, 4202
319.14584647600714, 4201
319.73603896499844, 4200
320.12215301000106, 4199
320.5150087630027, 4198
320.9187992030056, 4197
321.5305207850033, 4196
321.9308627940045, 4195
322.11218235800334, 4194
322.7706597720098, 4193
322.97278438700596, 4192
323.1891470010014, 4191
323.7928505660093, 4190
324.17473510900163, 4189
324.51607687500655, 4188
324.9626649200072, 4187
325.3783614520071, 4186
325.58142401200894, 4185
326.6204105170036, 4184
327.0720476520073, 4183
327.5015185960074, 4182
327.87561035300314, 4181
328.89162557300006, 4180
329.0941376640112, 4179
329.4559452590038, 4178
329.69828869900084, 4177
330.10957048001, 4176
330.9528982650081, 4175
331.3665686489985, 4174
331.7674444389995, 4173
332.3638984130084, 4172
332.97106101700047, 4171
333.34017290100746, 4170
333.51634393401037, 4169
333.94422103500983, 4168
334.7703143109975, 4167
335.0058043020108, 4166
335.8867196630017, 4165
336.51689992300817, 4164
336.9335762670089, 4163
337.3446502630104, 4162
337.70636364600796, 4161
338.06310808499984, 4160
338.46407369901135, 4159
338.88660236900614, 4158
339.3124761470099, 4157
339.71518969400495, 4156
340.1053682220081, 4155
340.3163313969999, 4154
340.96349565300625, 4153
341.72466688200075, 4152
341.93984381400514, 4151
342.3537563100108, 4150
342.7395529420028, 4149
343.1291440960049, 4148
343.32816617100616, 4147
344.2978281560063, 4146
344.7144941190054, 4145
344.9068347880093, 4144
345.51796034500876, 4143
346.13901020100457, 4142
346.3585715730005, 4141
347.17090570500295, 4140
347.54265365000174, 4139
348.093765431011, 4138
348.64743547500984, 4137
349.8249365770025, 4136
350.22247707300994, 4135
350.561194052003, 4134
350.7907685740065, 4133
350.9849555539986, 4132
351.78114808601094, 4131
352.6399159700086, 4130
352.8150168400025, 4129
353.4591630990035, 4128
354.2818129130028, 4127
354.94863006500236, 4126
355.396488658007, 4125
355.99462710900116, 4124
356.9739278519992, 4123
357.3640689610038, 4122
358.0169497510069, 4121
358.20162221400824, 4120
358.79350002499996, 4119
359.21382720200927, 4118
359.4023927600065, 4117
359.80641835799906, 4116
360.23892102300306, 4115
360.6243642120098, 4114
361.46987569500925, 4113
362.0826959400001, 4112
362.2856047009991, 4111
362.72237031700206, 4110
363.3386306989996, 4109
363.53856811200967, 4108
363.71637088700663, 4107
364.1514562450029, 4106
364.80173629600904, 4105
365.2446949620062, 4104
365.6605907290068, 4103
366.0488840180042, 4102
366.8241636669991, 4101
367.0271696020063, 4100
367.840318661998, 4099
368.6935790370044, 4098
368.8908327810059, 4097
369.43119865799963, 4096
370.2661555750092, 4095
370.4753359280003, 4094
370.68270809900423, 4093
371.06298040700494, 4092
372.09484520000115, 4091
372.4874586990045, 4090
373.0851026419987, 4089
373.49129980000725, 4088
374.33661364600994, 4087
374.9924826260103, 4086
375.38188794400776, 4085
375.5940471080103, 4084
376.00083375599934, 4083
376.87292330800847, 4082
377.0493688610004, 4081
377.69243496700074, 4080
378.3302601870091, 4079
378.75857093400555, 4078
379.40968380100094, 4077
379.9954348290048, 4076
380.2089466650068, 4075
380.9935562590108, 4074
381.60989888801123, 4073
382.1920134700049, 4072
382.5992340590019, 4071
383.1309545490076, 4070
383.31287505199725, 4069
383.73206300901074, 4068
384.29949188900355, 4067
384.9104040200036, 4066
385.2842774360033, 4065
385.89412410600926, 4064
386.2835637350072, 4063
387.0953345680027, 4062
387.5181919540046, 4061
388.27555052700336, 4060
388.49458549299743, 4059
389.2525368159986, 4058
389.6568975190021, 4057
389.86035087199707, 4056
390.5938376720005, 4055
390.9469731170102, 4054
391.3718612000084, 4053
391.77570054899843, 4052
392.1737162510108, 4051
392.3951989339985, 4050
392.7962649770052, 4049
393.1704431660037, 4048
393.7490704869997, 4047
394.17861139900924, 4046
394.96884825400775, 4045
395.57550976300263, 4044
395.98784980100754, 4043
396.2038801419985, 4042
396.6367859120073, 4041
397.4327541620005, 4040
398.0029205650062, 4039
398.21953710699745, 4038
399.05676098400727, 4037
399.6205223910074, 4036
399.8024435300031, 4035
400.61499238001124, 4034
401.026486777002, 4033
401.38678156401147, 4032
401.7777311170066, 4031
401.9695054610056, 4030
402.1597802430042, 4029
402.33402093700715, 4028
402.9306923749973, 4027
403.32595392200164, 4026
403.8946261490055, 4025
404.51544534300047, 4024
404.9289112310071, 4023
405.53502663401014, 4022
406.57117397100956, 4021
407.400216783004, 4020
408.2441630039975, 4019
408.82444926101016, 4018
409.6786126490042, 4017
410.06534049000766, 4016
410.3030585050001, 4015
411.50113831499766, 4014
411.9370377340092, 4013
412.1577792790049, 4012
412.737006469004, 4011
413.3550178470032, 4010
413.79998160499963, 4009
414.54501556900505, 4008
415.2818202050112, 4007
415.6400441190053, 4005
415.83828553999774, 4004
416.03712724300567, 4003
416.6691373770009, 4002
417.22164549199806, 4001
417.6159560750093, 4000
418.01118237301125, 3999
418.41862962499727, 3998
418.6236198560073, 3997
419.82891390701116, 3996
420.04357424299815, 3995
420.4889144339977, 3994
420.68303267999727, 3993
421.27381339301064, 3992
421.85024045700266, 3991
422.2647310100001, 3990
422.89527877100045, 3989
423.29515868000453, 3988
424.0962164290104, 3987
425.0569032120111, 3986
425.24958091101144, 3985
425.7791799030092, 3984
426.40643444600573, 3983
426.79601255399757, 3982
427.01730448100716, 3981
427.6543114560045, 3980
428.442304229, 3979
429.0136362159974, 3978
429.3815618320077, 3977
429.5711230500019, 3976
430.00082533100795, 3975
430.6093652069976, 3974
430.8038258900051, 3973
431.8087610500079, 3972
432.6344558639976, 3971
433.2477637530101, 3970
434.05307323799934, 3969
434.37480397400213, 3968
434.7675475080032, 3967
435.51835863701126, 3966
435.88804117600375, 3965
436.4865018490091, 3964
437.07864487401093, 3963
437.84801070300455, 3962
438.23346040600154, 3961
438.6285040759976, 3960
438.8224983859982, 3959
439.38012389000505, 3958
439.78899618300784, 3957
440.3602446360019, 3956
440.73741332000645, 3955
441.3484815270058, 3954
441.5604887810041, 3953
441.9362616069993, 3952
442.15975879300095, 3951
442.7649970729981, 3950
443.72046631500416, 3949
443.92182398099976, 3948
444.6830477350013, 3947
445.4998371450056, 3946
445.9284690850036, 3945
446.1033772780065, 3944
446.5300322640105, 3943
446.9206479440036, 3942
447.51996135800437, 3941
448.8583333090064, 3940
449.4296010960097, 3939
450.0427796570002, 3938
450.4299013520067, 3937
450.7993807790044, 3936
451.19239489300526, 3935
452.0000362360006, 3934
452.35132470700773, 3933
452.7446022380027, 3932
453.33641838500625, 3931
454.1038778729999, 3930
454.6821625080047, 3929
454.8763993390021, 3928
455.3081613030081, 3927
456.07940282300115, 3926
456.68906540500757, 3925
457.1196220550046, 3924
457.4942492090049, 3923
457.7089627690002, 3922
458.2286111340072, 3921
458.6106722570112, 3920
458.817564529003, 3919
459.4188766950101, 3918
460.0447121879988, 3917
460.24235955999757, 3916
461.4408553740068, 3915
462.2431728130032, 3914
463.0732600580086, 3913
463.2747877770016, 3912
464.76561590400524, 3911
465.1324587249983, 3910
465.3171633410093, 3909
465.49533102600253, 3908
466.46448725499795, 3907
466.82983485500154, 3906
467.80936844200187, 3905
468.21162947799894, 3904
468.4312845310051, 3903
469.2168629250082, 3902
469.57741187700594, 3901
470.39101146699977, 3900
470.98072502500145, 3899
471.33033918500587, 3898
472.1424780560046, 3897
472.5317794260045, 3896
473.30914101599774, 3895
474.09130441900925, 3894
474.4850529690011, 3893
474.6910101359972, 3892
474.8855015440058, 3891
475.49099294800544, 3890
475.69503596900904, 3889
476.0749499480007, 3888
476.6770983890019, 3887
477.2409039040067, 3886
478.03934611300065, 3885
478.4496846719994, 3884
479.23477798199747, 3883
479.64444644701143, 3882
480.22389301500516, 3881
480.98813186000916, 3880
481.7265388460073, 3879
482.3504923790024, 3878
482.70849960100895, 3877
482.8698702920083, 3876
483.6395527470013, 3875
484.46935569299967, 3874
484.8252069440059, 3873
485.24014624999836, 3872
485.9988227110007, 3871
486.18154330999823, 3870
486.7424239289976, 3869
487.12790626300557, 3868
487.4950830460002, 3867
487.8991712950083, 3866
488.50779443200736, 3865
488.69666737400985, 3864
489.41230280700256, 3863
489.81165313901147, 3862
490.17571853300615, 3861
490.5866842960095, 3860
491.01180476200534, 3859
491.41027463501086, 3858
491.79866142600076, 3857
492.371800961002, 3856
493.3114891380101, 3855
493.67647506100184, 3854
494.95614002700313, 3853
495.53521811000246, 3852
495.9458089270047, 3851
496.33722869699704, 3850
496.718711930007, 3849
497.3110803980089, 3848
497.7307561769994, 3847
497.91014945000643, 3846
498.10559108400776, 3845
498.8152422160056, 3844
499.612581377005, 3843
500.24431266399915, 3842
500.62726227501116, 3841
501.20865924900863, 3840
501.97130762900633, 3839
502.3489951780066, 3838
502.534584715002, 3837
503.1491032260092, 3836
503.8923910010053, 3835
504.4454304670071, 3834
505.0507875230105, 3833
505.6177373780083, 3832
505.8090851770103, 3831
506.2155914670002, 3830
507.03090457800135, 3829
507.8131208440027, 3828
507.9679532250011, 3827
508.7347188720014, 3826
509.1457026350108, 3825
509.71486496900616, 3824
510.50102692699875, 3823
510.7050093889993, 3822
511.0732648970006, 3821
512.0258231930056, 3820
512.5817154640099, 3819
512.9659204180061, 3818
513.1589605839981, 3817
513.5850965400023, 3816
514.1765280120017, 3815
514.3638693420071, 3814
515.4761911530077, 3813
516.0447830930061, 3812
516.4181192579999, 3811
516.7884168809978, 3810
517.3474477470008, 3809
517.9374509360059, 3808
518.2940198779979, 3807
519.0447637910111, 3806
520.3737787249993, 3805
520.9601099749998, 3804
521.5780906180007, 3803
522.6252531490027, 3802
522.8230422150082, 3801
523.860514621003, 3800
524.4119472099992, 3799
524.8191392750014, 3798
525.6848738800036, 3797
526.0492670290114, 3796
526.6064447200042, 3795
527.1608377180091, 3794
527.5095950289979, 3793
528.2260427889996, 3792
528.7602262870059, 3791
529.3382611130073, 3790
529.5237274000101, 3789
529.736427492011, 3788
530.1248891730065, 3787
530.3323817170021, 3786
531.5953388920025, 3785
531.9904829160077, 3784
532.5214946880005, 3783
533.1132496220089, 3782
533.6840344860102, 3781
534.0943913670053, 3780
534.6751793120056, 3779
535.2919321299996, 3778
536.1964635040058, 3777
536.6064222959976, 3776
536.9975971219974, 3775
537.588706954004, 3774
537.9760167869972, 3773
538.7164243320003, 3772
538.9037519030098, 3771
539.1211046110111, 3770
539.5015524920018, 3769
540.2808411099977, 3768
540.6745623500028, 3767
541.2606464720011, 3766
541.6238349979976, 3765
542.4090622799995, 3764
543.1843768300023, 3763
543.5310483510111, 3762
544.0837780319998, 3761
544.673183552004, 3760
545.0200253990042, 3759
545.6132331400004, 3758
546.3787389790086, 3757
547.3380643929995, 3756
547.7176092150039, 3755
548.5867553340067, 3754
549.5615242450003, 3753
550.1244274460041, 3752
550.5205981530016, 3751
550.9067029620055, 3750
551.3075705009978, 3749
552.2967468040006, 3748
552.682930652998, 3747
553.0619593180018, 3746
553.5806781080028, 3745
554.562837393998, 3744
554.7200902660115, 3743
555.291614724003, 3742
555.655780066998, 3741
555.8083741690061, 3740
556.392641331011, 3739
556.5979541319975, 3738
556.9990220660111, 3737
557.5955838689988, 3736
558.0188886750111, 3735
558.5896238900023, 3734
558.9371174819971, 3733
559.5143535030074, 3732
559.8958055289986, 3731
560.4552613859996, 3730
561.0386319620011, 3729
561.2335585880064, 3728
561.9465784490021, 3727
562.4935929409985, 3726
563.034025394998, 3725
563.6341694290022, 3724
564.2036118960095, 3723
564.569716434009, 3722
565.5269284259994, 3721
566.0442499950004, 3720
566.5757230340096, 3719
566.7136665550061, 3718
567.2599018080073, 3717
567.6745010270097, 3716
568.1999899750081, 3715
568.4075771619973, 3714
570.1507596709998, 3713
570.5495112170029, 3712
570.8994706710073, 3711
571.8130362000084, 3710
572.1586402320099, 3709
572.4947178590082, 3708
572.689171828999, 3707
574.6108402500104, 3706
575.0194726159971, 3705
575.6065203570033, 3704
576.3778741760034, 3703
576.7516516140022, 3702
576.9353866650054, 3701
577.6845419330057, 3700
578.2552371630009, 3699
578.9552913960069, 3698
579.315124744011, 3697
579.4586202930077, 3696
579.8966545110015, 3695
580.5999025260098, 3694
580.9532768000063, 3693
581.63688541601, 3692
581.8306920370087, 3691
582.5449542740098, 3690
582.9481596330006, 3689
583.5136410620034, 3688
583.8930830919999, 3687
585.0034487259982, 3686
585.7319646060059, 3685
585.9380450750032, 3684
586.5500844729977, 3683
587.4697380529979, 3682
587.8068893610034, 3681
587.9766867480066, 3680
588.3793871030066, 3679
589.1691365610022, 3678
589.781961590008, 3677
591.3659202740091, 3676
591.5506914490106, 3675
592.4840114750114, 3674
592.8534041870007, 3673
593.5746650920046, 3672
594.1434247010038, 3671
594.6537129780045, 3670
595.0396390219976, 3669
595.5678736970003, 3668
596.2172924379993, 3667
596.4215932110092, 3666
597.1357928790094, 3665
597.7008176270028, 3664
598.7002131519985, 3663
599.6724807900027, 3662
