2.4256397670001206, 4941
16.706225338999957, 4940
26.54908748300022, 4939
35.458291458000076, 4938
44.15847325599998, 4937
52.21401873700006, 4936
60.69706487800022, 4935
68.90446504600004, 4934
76.71942854999998, 4933
84.9457922040001, 4932
92.99125586200034, 4931
101.22488036799996, 4930
109.44687372199996, 4929
120.10694753899998, 4928
129.98388896899996, 4927
137.83355633600013, 4926
153.87039330900006, 4925
161.71577367200007, 4924
169.7952666440001, 4923
177.92519270599996, 4922
186.0100069949999, 4921
194.89608691600006, 4920
202.86548937199996, 4919
218.90035277900006, 4918
236.09566695600006, 4917
244.22315371000013, 4916
252.15547172300012, 4915
260.02574100200036, 4914
267.94839674900004, 4913
275.74016847300027, 4912
283.5082087190003, 4911
291.4996119709999, 4910
299.5251822519999, 4909
315.1883210860001, 4908
323.0469776580003, 4907
338.80221765900023, 4906
346.70325191400025, 4905
362.8649755450001, 4904
371.039184881, 4903
378.813475722, 4902
386.67842425000026, 4901
394.65634037300015, 4900
410.66472924300024, 4899
418.9373206600003, 4898
426.6629356880003, 4897
442.98389924799994, 4896
451.0453911660002, 4895
459.0190307570001, 4894
475.05155065300005, 4893
483.03016557499996, 4892
499.36359131400013, 4891
507.687245823, 4890
524.0151278630001, 4889
532.2137256640003, 4888
540.0105827960001, 4887
547.810166537, 4886
563.404470162, 4885
571.247618458, 4884
579.2421314890003, 4883
587.0932976010004, 4882
595.1380013860003, 4881
603.1633175430002, 4880
