2.3440568349997193, 4941
14.762967515000128, 4940
22.77530126700003, 4939
28.983214801999566, 4938
35.63764889199956, 4937
41.50872922399867, 4936
47.075833169999896, 4935
52.52403737199893, 4934
58.12496557399936, 4933
63.62875161199918, 4932
69.34781676499915, 4931
74.97957633199985, 4930
80.40616375399986, 4929
91.90317859199968, 4928
97.15700408499833, 4927
102.77455467999971, 4926
108.4348878339988, 4925
114.43294384699948, 4924
120.42182521599898, 4923
126.69562418999885, 4922
133.40757602099984, 4921
146.65584588099955, 4920
152.89202534299875, 4919
158.99467043899858, 4918
165.47729787999924, 4917
171.84781843599922, 4916
178.77850589899936, 4915
192.0936995719985, 4914
198.6043131639999, 4913
205.2179990529985, 4912
211.42388858999948, 4911
216.8074635719986, 4910
228.48979402499936, 4909
233.5195360079997, 4908
238.7448094779993, 4907
249.14791906199935, 4906
254.39595197800008, 4905
259.44975884299856, 4904
269.99385944999995, 4903
275.3185508129991, 4902
280.80818706399987, 4901
291.3184983559986, 4900
296.70253035599853, 4899
302.0382811849995, 4898
307.7161843389986, 4897
313.16877426799874, 4896
318.8554553109989, 4895
324.42566289099886, 4894
329.54736013099864, 4893
335.3894285689985, 4892
341.1153301809991, 4891
352.3451864969993, 4890
357.6513742039988, 4889
368.64587855099853, 4888
379.44004453699927, 4887
385.38846990899947, 4886
390.64902154099946, 4885
396.21743231099936, 4884
402.7178221039994, 4883
408.00489399599974, 4882
418.3248279969994, 4881
423.22162222099905, 4880
435.3888247089999, 4879
445.7991171019985, 4877
450.73162736499944, 4876
466.92364041699875, 4875
473.22921374199905, 4874
484.88685474499835, 4873
490.4205083729994, 4872
496.33180450799955, 4871
501.7843679709986, 4870
507.52034836299936, 4869
512.8732344279997, 4868
524.6224464309998, 4867
529.8486423959985, 4866
540.226654009999, 4865
545.3405737549983, 4864
561.533795293999, 4863
566.8709886549987, 4862
572.6551307289992, 4861
577.9411653459993, 4860
583.4671580139984, 4859
594.5799549669991, 4858
