1.9678510470002948, 4941
14.900312019000921, 4940
23.460182583999995, 4939
30.948942814000475, 4938
38.17674489100136, 4937
44.52489643500121, 4936
50.70270634300141, 4935
56.954477756000415, 4934
62.87674757500099, 4933
69.00557173200104, 4932
74.99463016200025, 4931
80.95014657499996, 4930
87.26598046600157, 4929
93.10014534200127, 4928
99.10679323600016, 4927
104.85605849400054, 4926
116.72783927900127, 4925
122.61678894200122, 4924
128.67051321200051, 4923
134.58462473700092, 4922
140.83031730900075, 4921
146.7942593910011, 4920
153.05186701500133, 4919
159.1700539100002, 4918
171.10835957000018, 4917
177.00820674200077, 4916
182.95720626000002, 4915
188.97516474400072, 4914
194.90415322400077, 4913
206.94744263900066, 4912
212.88812439200046, 4911
218.4640223030001, 4910
224.1284994790003, 4909
229.87126381100097, 4908
235.3910668080007, 4907
241.09301656000025, 4906
252.13421967500108, 4905
257.89270852200025, 4904
263.3276200850014, 4903
274.6022785640016, 4902
286.11126651700033, 4901
291.80831770700024, 4900
297.47530782800095, 4899
303.7211272080003, 4898
309.78095236900117, 4897
321.0201453910013, 4896
327.24227739600065, 4895
332.79616175200135, 4894
338.54999291600143, 4893
344.1476808240004, 4892
349.680485891, 4891
360.740793074001, 4890
366.45909113200105, 4889
371.9759561770006, 4888
382.8398223870008, 4887
388.4821053930009, 4886
394.0877701180016, 4885
399.5938820880001, 4884
405.00277099100094, 4883
410.4067456820012, 4882
415.7468205410005, 4881
421.4394878290004, 4880
432.32887111700074, 4879
437.79252870600067, 4878
454.1649745250015, 4877
459.6971258100002, 4876
465.2911888970011, 4875
476.0254297800002, 4874
487.1015111550005, 4873
498.02305857100146, 4872
509.1789057980004, 4871
514.4736414320014, 4870
525.6147203010005, 4869
531.3609705930012, 4868
536.9693126590009, 4867
547.8185842750008, 4866
558.8014054850009, 4865
564.3362483790006, 4864
569.9585015870016, 4863
575.515411878001, 4862
586.6498966170002, 4861
603.3757097870002, 4860
