2.7445435479994558, 4941
16.68693665599949, 4940
26.5303259530001, 4939
35.20428210299997, 4938
43.79258030799974, 4937
52.24155353399965, 4936
60.77994717199999, 4935
69.17090053999982, 4934
77.32681009999942, 4933
85.6802869459998, 4932
93.82631312499961, 4931
101.83384633700007, 4930
122.76345749899974, 4929
130.7953285829999, 4928
138.80392684700018, 4927
147.204967873, 4926
155.329477751, 4925
171.74114313799964, 4924
179.51780869599952, 4923
188.03330495299997, 4922
195.9770321039996, 4921
204.20192082099948, 4920
212.4370328949999, 4919
228.768728088, 4918
236.87146424000002, 4917
244.89033948899942, 4916
253.05883172199992, 4915
261.12989733999984, 4914
269.161884395, 4913
277.4559344979998, 4912
285.86646063399985, 4911
294.05781096899955, 4910
301.8696595809997, 4909
310.5009256399999, 4908
319.12193910399947, 4907
327.5824768379998, 4906
335.75998919299946, 4905
351.554795862, 4904
367.6041695220001, 4903
375.58406793799986, 4902
391.5245856249994, 4901
399.34683471599965, 4900
407.63117503600006, 4899
415.73463192300005, 4898
431.95721330800006, 4897
440.0011420179999, 4896
448.056187788, 4895
464.46145773399985, 4894
472.4462380719997, 4893
480.33554299000025, 4892
488.24144346899993, 4891
504.1049469560003, 4890
512.3127439740001, 4889
520.3243874489999, 4888
528.2518667659997, 4887
544.2028816370002, 4886
560.3246639859999, 4885
568.4002654670003, 4884
576.4625338449996, 4883
584.849967229, 4882
593.6478576109994, 4881
601.762803224, 4880
