2.00633484699938, 4941
15.005132779000633, 4940
22.84830402099942, 4939
29.30586915599997, 4938
35.829170421000526, 4937
41.93064072400011, 4936
47.97967296599927, 4935
54.03912521699931, 4934
59.937332409999726, 4933
66.20151461400019, 4932
72.19252204800068, 4931
78.36664613100038, 4930
84.36597006400007, 4929
90.26942138900085, 4928
96.45546836200083, 4927
102.42216968799949, 4926
114.60367593699993, 4925
120.57143251600064, 4924
132.80147759800093, 4923
139.01781513099922, 4922
145.1022797500009, 4921
151.46313322099923, 4920
157.5980479860009, 4919
163.61913161099983, 4918
175.69030116300019, 4917
181.99283602700052, 4916
194.45494267899994, 4915
200.877581146, 4914
206.77327811400028, 4913
213.06295135599976, 4912
219.17483114899915, 4911
224.72608454700094, 4910
230.5961754809996, 4909
236.23931550400084, 4908
242.19753311400018, 4907
247.75518212099996, 4906
259.5763184139996, 4905
265.18389753299925, 4904
276.8699222489995, 4903
282.5093231360006, 4902
288.50213873900066, 4901
294.0513118229992, 4900
299.7299027549998, 4899
316.9435306180003, 4898
322.52144539000074, 4897
328.09240718399997, 4896
334.4602912139999, 4895
346.28224154000054, 4894
358.0824531830003, 4893
364.6027466729993, 4892
370.37824983599967, 4891
376.0188377209997, 4890
381.8087198970006, 4889
387.5225224320002, 4888
398.9255724449995, 4887
410.52070259299944, 4886
422.07403219499975, 4885
427.928136212, 4884
433.7529206199997, 4883
445.2182557870001, 4882
450.7147627630002, 4881
456.4378412370006, 4880
461.88179101400056, 4879
467.51703168099993, 4878
478.957226601, 4877
484.47522488100003, 4876
495.82035630300015, 4875
501.3319689380005, 4874
507.0750200349994, 4873
512.7955196019993, 4872
524.3847542530002, 4871
541.8262691359996, 4870
547.4877961590009, 4869
553.2182044630008, 4868
559.0132905890005, 4867
570.4083785160001, 4866
576.0756346880007, 4865
587.6550120299999, 4864
593.2215492169998, 4863
598.9297065570008, 4862
