2.4311075939999682, 4941
17.807208124, 4940
28.184082121999836, 4939
37.08257572399998, 4938
46.32337639399998, 4937
55.109223279999924, 4936
64.01057676099981, 4935
72.35554580600001, 4934
80.31228409999994, 4933
88.59256647699999, 4932
96.92675893199998, 4931
105.22526418799998, 4930
113.21520443700001, 4929
121.90917787199987, 4928
142.00006050899992, 4927
150.62999954199995, 4926
158.58702407399983, 4925
166.63419874499982, 4924
182.89042796399985, 4923
191.29698924399986, 4922
199.497231844, 4921
207.718506037, 4920
216.07869534999986, 4919
224.32711324699994, 4918
232.5042470469998, 4917
240.954184854, 4916
257.2189160369999, 4915
265.36877991699976, 4914
273.4177807830001, 4913
281.437665424, 4912
289.3324654379999, 4911
297.56566931399993, 4910
305.398449152, 4909
321.58567805999974, 4908
329.6153816789997, 4907
346.5303029329998, 4906
355.0270413899998, 4905
363.2532552489997, 4904
381.0009808599998, 4903
389.3637337719997, 4902
397.0610673799997, 4901
405.29421667099996, 4900
413.14131793199977, 4899
429.254522704, 4898
437.2812363779999, 4897
445.559817889, 4896
461.8548425230001, 4895
469.989118469, 4894
486.48142457699987, 4893
494.71659662, 4892
502.9562175440001, 4891
510.98072117599986, 4890
519.4388311309999, 4889
535.8493468389997, 4888
544.0532337489999, 4887
552.01480378, 4886
568.1617884130001, 4885
576.2421043129998, 4884
584.408617518, 4883
592.3881137220001, 4882
