2.50026208700001, 4941
16.238091945999997, 4940
26.01486217500002, 4939
34.781183149000015, 4938
43.275872349999986, 4937
51.276577154999984, 4936
59.54417178099999, 4935
67.71755317200001, 4934
75.73889624700001, 4933
83.79105725199997, 4932
92.14585758099997, 4931
108.40271896999997, 4930
116.184537084, 4929
124.34215194299998, 4928
132.44260017099998, 4927
140.436416188, 4926
148.69045142599998, 4925
156.849951955, 4924
165.12093155600002, 4923
173.02143320899995, 4922
189.15900970300004, 4921
197.008724735, 4920
205.16308716100002, 4919
221.93891309000003, 4918
230.77641447400003, 4917
239.11550847900003, 4916
247.14321906500004, 4915
257.142142209, 4914
268.23457177499995, 4913
284.69404277399997, 4912
292.673262401, 4911
300.61878827600003, 4910
308.94901337399995, 4909
317.091831708, 4908
325.18131993299994, 4907
341.26413878999995, 4906
349.15553438300003, 4905
357.02257427300003, 4904
373.43949646, 4903
382.07510476999994, 4902
390.09447586399995, 4901
398.498481469, 4900
414.29172172200003, 4899
422.392783828, 4898
430.286441104, 4897
438.326781021, 4896
446.158883155, 4895
454.254866513, 4894
462.213403762, 4893
478.29355047900003, 4892
486.143532123, 4891
493.818602746, 4890
510.14070116999994, 4889
518.566830491, 4888
526.464456881, 4887
534.224165353, 4886
559.2605980989999, 4885
567.368509378, 4884
575.46559543, 4883
591.562519564, 4882
599.670287478, 4881
607.747500619, 4880
