1.9760405140004877, 4941
13.936796923000657, 4940
21.27538588400057, 4939
27.86725135099914, 4938
34.00909871899967, 4937
40.36412190199917, 4936
46.4975097610004, 4935
52.5105653440005, 4934
58.315716008999516, 4933
64.52952470399941, 4932
70.43745211799978, 4931
82.60185265899963, 4930
88.71068097100033, 4929
94.74728796099953, 4928
100.67357374300082, 4927
106.7294225379992, 4926
112.59821029600062, 4925
118.4917715190004, 4924
130.56950231299925, 4923
136.65220765400045, 4922
148.79695129100037, 4921
154.82914078700014, 4920
160.98325422400012, 4919
172.9560987290006, 4918
178.981294231, 4917
185.19187725200027, 4916
191.37834896499953, 4915
197.4409245930001, 4914
203.47631603000082, 4913
209.5508911529996, 4912
215.76647218499966, 4911
221.48597616200095, 4910
227.50656906599943, 4909
238.6479155190009, 4908
244.31512999299957, 4907
255.84431038600087, 4906
261.38366191599926, 4905
266.95940232700013, 4904
272.6842756820006, 4903
278.3062323140002, 4902
289.7448812549992, 4901
295.51639302500007, 4900
301.2221152300008, 4899
306.79421882300085, 4898
318.1051143599998, 4897
323.7310146079999, 4896
329.3190452260005, 4895
334.88798301799943, 4894
346.4183364950004, 4893
352.0983526300006, 4892
363.63829739799985, 4891
369.5323147279996, 4890
375.15190296000037, 4889
380.79608992000067, 4888
386.43653556500067, 4887
397.7667895329996, 4886
409.2911053549997, 4885
414.8442492440008, 4884
420.2538728359996, 4883
425.89968287400006, 4882
431.46498690500084, 4881
437.06315576700035, 4880
442.6235471969994, 4879
448.02789892799956, 4878
464.9001849849992, 4877
476.39491576600085, 4876
482.0905722259995, 4875
487.7587392250007, 4874
499.0550056329994, 4873
504.7344688840003, 4872
515.9464761170002, 4871
521.6566459200003, 4870
533.1273500040006, 4869
538.9290552319999, 4868
544.3874053470008, 4867
549.9579732759994, 4866
567.2523380429993, 4865
578.5825128720007, 4864
589.922854855, 4863
595.6058070710005, 4862
601.2517782699997, 4861
