3.2911241649999283, 14109
5.801777667991701, 14108
7.8583688249927945, 14107
13.255041444994276, 14106
15.526667422993341, 14105
19.842548892993364, 14104
24.340973843995016, 14103
26.67967802999192, 14102
28.766625157993985, 14101
33.74832066099043, 14100
36.82500603199878, 14099
39.14618167799199, 14098
44.06543373399472, 14097
46.84803133599053, 14096
51.32877978599572, 14095
54.22962865399313, 14094
59.27119895599026, 14093
64.69880166198709, 14092
67.1184268569923, 14091
71.79173555099987, 14090
75.08727427799022, 14089
80.2898542349867, 14088
83.0054876459908, 14087
85.4460394839989, 14086
92.52670716699504, 14085
94.56919141199614, 14084
96.6164516289864, 14083
101.38121556398983, 14082
104.04020590899745, 14081
106.59253057598835, 14080
111.60740735199943, 14079
114.29862244198739, 14078
116.99470754098729, 14077
120.0085181339964, 14076
124.06088981698849, 14075
126.69595855099033, 14074
133.2042714979907, 14073
135.449569925986, 14072
138.35261438999441, 14071
143.71344631399552, 14070
148.4046820409858, 14069
150.9722376379941, 14068
156.04801402898738, 14067
160.4831290239963, 14066
163.32325331299216, 14065
168.1530854599987, 14064
170.2217016319919, 14063
172.5617367369996, 14062
178.1895828729903, 14061
183.485476197995, 14060
190.48288997198688, 14059
192.35897126598866, 14058
199.50466565699026, 14057
204.03081763799128, 14056
209.0492598839919, 14055
211.52809320199594, 14054
215.88557947699155, 14053
218.28022399598558, 14052
225.12393613699533, 14051
229.40164484699199, 14050
231.83730122099223, 14049
235.73490429698722, 14048
240.673967773997, 14047
245.50630453799386, 14046
248.28526734598563, 14045
251.55652532199747, 14044
256.86968961398816, 14043
258.9934927939903, 14042
264.07395371499297, 14041
267.1587527369993, 14040
269.8039843819861, 14039
275.40583427698584, 14038
280.9891860969947, 14037
283.0897783929977, 14036
288.65427820698824, 14035
295.2192187329929, 14034
297.03301884498796, 14033
302.9683498109953, 14032
308.48885448598594, 14031
313.47173197599477, 14030
317.98640049299865, 14029
321.05756507899787, 14028
326.31527255098626, 14027
328.92899818799924, 14026
336.8572124959901, 14025
339.41643003998615, 14024
347.48909280099906, 14023
349.52903932498884, 14022
352.1989605939889, 14021
357.0895979029883, 14020
362.3417372809927, 14019
364.60855216499476, 14018
369.77037854198716, 14017
374.6831242259941, 14016
377.0202619299962, 14015
384.2401422369876, 14014
386.8763236889936, 14013
391.6689513249876, 14012
394.02671140299935, 14011
396.67395790199225, 14010
401.30038521399547, 14009
406.77404035399377, 14008
411.3249318959861, 14007
414.00714265998977, 14006
418.6874288379913, 14005
421.0248715239868, 14004
429.05542282699025, 14003
431.9213235139905, 14002
437.00589934199525, 14001
439.53882632098976, 14000
445.6174448219972, 13999
453.3384117749956, 13998
456.06217518298945, 13997
461.0179481479863, 13996
463.4072474909917, 13995
468.2859313839872, 13994
470.4232149159943, 13993
477.52628361899406, 13992
484.4415093919961, 13991
486.57047346899344, 13990
491.8707859559945, 13989
498.11297935699986, 13988
502.9433688969875, 13987
504.7046901709982, 13986
509.9136344899889, 13985
514.8782153619977, 13984
519.7175377269887, 13983
526.689276028992, 13982
529.3528408879938, 13981
534.3394849069882, 13980
539.0761011609866, 13979
541.086224470986, 13978
545.4308382829913, 13977
550.374690296987, 13976
553.1159267409967, 13975
555.4431002169877, 13974
560.7569520939869, 13973
565.9106837219879, 13972
567.6548527029954, 13971
572.6279421519866, 13970
577.8678404069942, 13969
580.4146048909897, 13968
585.2283333549858, 13967
588.0268299879972, 13966
592.846416499, 13965
595.3681126989977, 13964
598.2622938669956, 13963
600.4441999369883, 13962
